生成启动时间为 2016/1/11 22:35:12。
     1>项目“E:\BaiduYunDownload\CEGUI\cegui-deps-0.8.x-src\src\freetype-2.4.4\CEGUI-BUILD\freetype.vcxproj”在节点 6 上(Build 个目标)。
     1>Link:
         C:\Program Files (x86)\Microsoft Visual Studio 11.0\VC\bin\link.exe /ERRORREPORT:PROMPT /OUT:"E:\BaiduYunDownload\CEGUI\cegui-deps-0.8.x-src\dependencies\bin\freetype_d.dll" /INCREMENTAL /NOLOGO kernel32.lib user32.lib gdi32.lib winspool.lib shell32.lib ole32.lib oleaut32.lib uuid.lib comdlg32.lib advapi32.lib /MANIFEST /MANIFESTUAC:"level='asInvoker' uiAccess='false'" /manifest:embed /DEBUG /PDB:"E:/BaiduYunDownload/CEGUI/cegui-deps-0.8.x-src/dependencies/bin/freetype_d.pdb" /SUBSYSTEM:CONSOLE /TLBID:1 /DYNAMICBASE /NXCOMPAT /IMPLIB:"E:/BaiduYunDownload/CEGUI/cegui-deps-0.8.x-src/dependencies/lib/dynamic/freetype_d.lib" /MACHINE:X86 /SAFESEH  /machine:X86 /debug /DLL freetype.dir\Debug\ftsystem.obj
         freetype.dir\Debug\ftinit.obj
         freetype.dir\Debug\ftdebug.obj
         freetype.dir\Debug\ftbase.obj
         freetype.dir\Debug\ftbbox.obj
         freetype.dir\Debug\ftglyph.obj
         freetype.dir\Debug\ftbdf.obj
         freetype.dir\Debug\ftbitmap.obj
         freetype.dir\Debug\ftcid.obj
         freetype.dir\Debug\ftfstype.obj
         freetype.dir\Debug\ftgasp.obj
         freetype.dir\Debug\ftgxval.obj
         freetype.dir\Debug\ftlcdfil.obj
         freetype.dir\Debug\ftmm.obj
         freetype.dir\Debug\ftotval.obj
         freetype.dir\Debug\ftpatent.obj
         freetype.dir\Debug\ftpfr.obj
         freetype.dir\Debug\ftstroke.obj
         freetype.dir\Debug\ftsynth.obj
         freetype.dir\Debug\fttype1.obj
         freetype.dir\Debug\ftwinfnt.obj
         freetype.dir\Debug\ftxf86.obj
         freetype.dir\Debug\bdf.obj
         freetype.dir\Debug\cff.obj
         freetype.dir\Debug\type1cid.obj
         freetype.dir\Debug\pcf.obj
         freetype.dir\Debug\pfr.obj
         freetype.dir\Debug\sfnt.obj
         freetype.dir\Debug\truetype.obj
         freetype.dir\Debug\type1.obj
         freetype.dir\Debug\type42.obj
         freetype.dir\Debug\winfnt.obj
         freetype.dir\Debug\raster.obj
         freetype.dir\Debug\smooth.obj
         freetype.dir\Debug\autofit.obj
         freetype.dir\Debug\ftcache.obj
         freetype.dir\Debug\ftgzip.obj
         freetype.dir\Debug\ftlzw.obj
         freetype.dir\Debug\gxvalid.obj
         freetype.dir\Debug\otvalid.obj
         freetype.dir\Debug\psaux.obj
         freetype.dir\Debug\pshinter.obj
         freetype.dir\Debug\psnames.obj
            正在创建库 E:/BaiduYunDownload/CEGUI/cegui-deps-0.8.x-src/dependencies/lib/dynamic/freetype_d.lib 和对象 E:/BaiduYunDownload/CEGUI/cegui-deps-0.8.x-src/dependencies/lib/dynamic/freetype_d.exp
         freetype.vcxproj -> E:\BaiduYunDownload\CEGUI\cegui-deps-0.8.x-src\dependencies\bin\freetype_d.dll
       PostBuildEvent:
         setlocal
         E:\BaiduYunDownload\cmake-3.3.0-win32-x86\bin\cmake.exe -E copy_directory E:/BaiduYunDownload/CEGUI/cegui-deps-0.8.x-src/src/freetype-2.4.4/CEGUI-BUILD/../include/ E:/BaiduYunDownload/CEGUI/cegui-deps-0.8.x-src/dependencies/include
         if %errorlevel% neq 0 goto :cmEnd
         :cmEnd
         endlocal & call :cmErrorLevel %errorlevel% & goto :cmDone
         :cmErrorLevel
         exit /b %1
         :cmDone
         if %errorlevel% neq 0 goto :VCEnd
         setlocal
         E:\BaiduYunDownload\cmake-3.3.0-win32-x86\bin\cmake.exe -E copy E:/BaiduYunDownload/CEGUI/cegui-deps-0.8.x-src/src/freetype-2.4.4/CEGUI-BUILD/../docs/LICENSE.TXT E:/BaiduYunDownload/CEGUI/cegui-deps-0.8.x-src/dependencies/freetype-license.txt
         if %errorlevel% neq 0 goto :cmEnd
         :cmEnd
         endlocal & call :cmErrorLevel %errorlevel% & goto :cmDone
         :cmErrorLevel
         exit /b %1
         :cmDone
         if %errorlevel% neq 0 goto :VCEnd
         setlocal
         E:\BaiduYunDownload\cmake-3.3.0-win32-x86\bin\cmake.exe -E copy E:/BaiduYunDownload/CEGUI/cegui-deps-0.8.x-src/src/freetype-2.4.4/CEGUI-BUILD/../docs/FTL.TXT E:/BaiduYunDownload/CEGUI/cegui-deps-0.8.x-src/dependencies/FTL.TXT
         if %errorlevel% neq 0 goto :cmEnd
         :cmEnd
         endlocal & call :cmErrorLevel %errorlevel% & goto :cmDone
         :cmErrorLevel
         exit /b %1
         :cmDone
         if %errorlevel% neq 0 goto :VCEnd
         setlocal
         E:\BaiduYunDownload\cmake-3.3.0-win32-x86\bin\cmake.exe -E copy E:/BaiduYunDownload/CEGUI/cegui-deps-0.8.x-src/src/freetype-2.4.4/CEGUI-BUILD/../docs/GPL.TXT E:/BaiduYunDownload/CEGUI/cegui-deps-0.8.x-src/dependencies/GPL.TXT
         if %errorlevel% neq 0 goto :cmEnd
         :cmEnd
         endlocal & call :cmErrorLevel %errorlevel% & goto :cmDone
         :cmErrorLevel
         exit /b %1
         :cmDone
         if %errorlevel% neq 0 goto :VCEnd
         :VCEnd
     1>已完成生成项目“E:\BaiduYunDownload\CEGUI\cegui-deps-0.8.x-src\src\freetype-2.4.4\CEGUI-BUILD\freetype.vcxproj”(Build 个目标)的操作。

生成成功。

已用时间 00:00:05.17
