生成启动时间为 2018/3/29 11:23:25。
     1>项目“G:\project\DX11_Text\DX11_Text\DX11_Text.vcxproj”在节点 2 上(Build 个目标)。
     1>ClCompile:
         C:\Program Files (x86)\Microsoft Visual Studio 11.0\VC\bin\CL.exe /c /I"..\3part\freetype-2.4.4\include" /ZI /nologo /W3 /WX- /sdl /Od /Oy- /D WIN32 /D _DEBUG /D _WINDOWS /D _MBCS /Gm /EHsc /RTC1 /MDd /GS /fp:precise /Zc:wchar_t /Zc:forScope /Fo"Debug\\" /Fd"Debug\vc110.pdb" /Gd /TP /wd4005 /analyze- /errorReport:prompt Demo\DX11ModelDemo.cpp
         DX11ModelDemo.cpp
       Link:
         C:\Program Files (x86)\Microsoft Visual Studio 11.0\VC\bin\link.exe /ERRORREPORT:PROMPT /OUT:"G:\project\DX11_Text\Debug\DX11_Text.exe" /INCREMENTAL /NOLOGO /LIBPATH:..\Debug /LIBPATH:"..\3part\freetype-2.4.4\objs" d3d11.lib d3dx11.lib dxerr.lib Effects11d.lib D3DCompiler.lib freetype_d.lib kernel32.lib user32.lib gdi32.lib winspool.lib comdlg32.lib advapi32.lib shell32.lib ole32.lib oleaut32.lib uuid.lib odbc32.lib odbccp32.lib /MANIFEST /MANIFESTUAC:"level='asInvoker' uiAccess='false'" /manifest:embed /DEBUG /PDB:"G:\project\DX11_Text\Debug\DX11_Text.pdb" /SUBSYSTEM:WINDOWS /TLBID:1 /DYNAMICBASE /NXCOMPAT /IMPLIB:"G:\project\DX11_Text\Debug\DX11_Text.lib" /MACHINE:X86 Debug\DX11_Text.res
         Debug\GeometryGens.obj
         Debug\DX11Base.obj
         Debug\DX11Camera.obj
         Debug\DX11CubeEffectDemo.obj
         Debug\DX11Demo.obj
         Debug\DX11MapDemo.obj
         Debug\DX11ModelDemo.obj
         Debug\DX11NormalMappingDemo.obj
         Debug\DX11SpriteDemo.obj
         Debug\DX11TexDemo.obj
         Debug\DX11FontDemo.obj
         Debug\DX11CubeDemo.obj
         Debug\DX113DBase.obj
         Debug\DX11FreeTypeFontDemo.obj
         Debug\DX11_Text.obj
         Debug\mtlLoader.obj
         Debug\objLoader.obj
         Debug\objModel.obj
         Debug\stdafx.obj
         DX11_Text.vcxproj -> G:\project\DX11_Text\Debug\DX11_Text.exe
     1>已完成生成项目“G:\project\DX11_Text\DX11_Text\DX11_Text.vcxproj”(Build 个目标)的操作。

生成成功。

已用时间 00:00:02.06
